<?xml version="1.0" encoding="UTF-8"?>
<!-- Generated by org.testng.reporters.JUnitReportReporter -->
<testsuite skipped="0" hostname="DESKTOP-QAKAGND" name="Annotations.test" tests="1" failures="0" timestamp="31 Jan 2019 17:49:01 GMT" time="0.025" errors="0">
  <testcase name="testA" time="0.025" classname="Annotations.test"/>
</testsuite> <!-- Annotations.test -->
