<?xml version="1.0" encoding="UTF-8"?>
<!-- Generated by org.testng.reporters.JUnitReportReporter -->
<testsuite skipped="0" hostname="DESKTOP-QAKAGND" name="test.BluestoneOffer75" tests="1" failures="0" timestamp="07 Feb 2019 01:12:12 GMT" time="33.824" errors="0">
  <testcase name="main" time="33.824" classname="test.BluestoneOffer75"/>
</testsuite> <!-- test.BluestoneOffer75 -->
