<?xml version="1.0" encoding="UTF-8"?>
<!-- Generated by org.testng.reporters.JUnitReportReporter -->
<testsuite skipped="0" hostname="DESKTOP-QAKAGND" name="Annotations.testb" tests="1" failures="0" timestamp="31 Jan 2019 08:49:26 GMT" time="0.004" errors="0">
  <testcase name="testB" time="0.004" classname="Annotations.testb"/>
</testsuite> <!-- Annotations.testb -->
