<?xml version="1.0" encoding="UTF-8"?>
<!-- Generated by org.testng.reporters.JUnitReportReporter -->
<testsuite skipped="0" hostname="DESKTOP-QAKAGND" name="DataProvider.Testdata" tests="3" failures="0" timestamp="31 Jan 2019 06:50:59 GMT" time="0.022" errors="0">
  <testcase name="test" time="0.009" classname="DataProvider.Testdata"/>
  <testcase name="test" time="0.007" classname="DataProvider.Testdata"/>
  <testcase name="test" time="0.006" classname="DataProvider.Testdata"/>
</testsuite> <!-- DataProvider.Testdata -->
