<?xml version="1.0" encoding="UTF-8"?>
<!-- Generated by org.testng.reporters.JUnitReportReporter -->
<testsuite skipped="0" hostname="DESKTOP-QAKAGND" name="test.BluestoneOffer" tests="1" failures="0" timestamp="07 Feb 2019 01:24:15 GMT" time="19.421" errors="0">
  <testcase name="main" time="19.421" classname="test.BluestoneOffer"/>
</testsuite> <!-- test.BluestoneOffer -->
