<?xml version="1.0" encoding="UTF-8"?>
<!-- Generated by org.testng.reporters.JUnitReportReporter -->
<testsuite skipped="0" hostname="DESKTOP-QAKAGND" name="Properties.testt" tests="1" failures="0" timestamp="11 Feb 2019 20:46:35 GMT" time="0.011" errors="0">
  <testcase name="run" time="0.011" classname="Properties.testt"/>
</testsuite> <!-- Properties.testt -->
