<?xml version="1.0" encoding="UTF-8"?>
<!-- Generated by org.testng.reporters.JUnitReportReporter -->
<testsuite skipped="0" hostname="DESKTOP-QAKAGND" name="test.BluestoneTest" tests="4" failures="0" timestamp="02 Feb 2019 07:30:25 GMT" time="0.074" errors="0">
  <testcase name="test" time="0.049" classname="test.BluestoneTest"/>
  <testcase name="test" time="0.006" classname="test.BluestoneTest"/>
  <testcase name="test" time="0.013" classname="test.BluestoneTest"/>
  <testcase name="test" time="0.006" classname="test.BluestoneTest"/>
</testsuite> <!-- test.BluestoneTest -->
