<?xml version="1.0" encoding="UTF-8"?>
<!-- Generated by org.testng.reporters.JUnitReportReporter -->
<testsuite skipped="0" hostname="DESKTOP-QAKAGND" name="test.BlueAllJwellery" tests="1" failures="0" timestamp="03 Feb 2019 23:49:14 GMT" time="51.804" errors="0">
  <testcase name="test" time="51.804" classname="test.BlueAllJwellery"/>
</testsuite> <!-- test.BlueAllJwellery -->
